<?xml version="1.0" encoding="UTF-8"?>
<testsuite xmlns:xsi="http://www.w3.org/2001/XMLSchema-instance" xsi:noNamespaceSchemaLocation="https://maven.apache.org/surefire/maven-failsafe-plugin/xsd/failsafe-test-report.xsd" name="Parallel01IT" time="2.176" tests="6" errors="3" skipped="3" failures="0">
  <properties>
[...]
</properties>
  <testcase name="Scenario: Verify the Negative themes for the selected combinations" classname="Scenario: Verify the Negative themes for the selected combinations" time="1.756">
    <error type="java.lang.ExceptionInInitializerError">java.lang.ExceptionInInitializerError
Caused by: org.openqa.selenium.SessionNotCreatedException: 
session not created: This version of ChromeDriver only supports Chrome version 114
Current browser version is 126.0.6478.62 with binary path C:\Program Files\Google\Chrome\Application\chrome.exe
Build info: version: '3.141.0', revision: '2ecb7d9a', time: '2018-10-31T20:09:30'
System info: host: 'DESKTOP-83KO0Q6', ip: '192.168.0.169', os.name: 'Windows 11', os.arch: 'amd64', os.version: '10.0', java.version: '11.0.20'
Driver info: driver.version: SeleniumDriver
remote stacktrace: Backtrace:
	GetHandleVerifier [0x008BA813+48355]
	(No symbol) [0x0084C4B1]
	(No symbol) [0x00755358]
	(No symbol) [0x007761AC]
	(No symbol) [0x00771EF3]
	(No symbol) [0x00770579]
	(No symbol) [0x007A0C55]
	(No symbol) [0x007A093C]
	(No symbol) [0x0079A536]
	(No symbol) [0x007782DC]
	(No symbol) [0x007793DD]
	GetHandleVerifier [0x00B1AABD+2539405]
	GetHandleVerifier [0x00B5A78F+2800735]
	GetHandleVerifier [0x00B5456C+2775612]
	GetHandleVerifier [0x009451E0+616112]
	(No symbol) [0x00855F8C]
	(No symbol) [0x00852328]
	(No symbol) [0x0085240B]
	(No symbol) [0x00844FF7]
	BaseThreadInitThunk [0x76537BA9+25]
	RtlInitializeExceptionChain [0x775BC10B+107]
	RtlClearBits [0x775BC08F+191]

</error>
    <system-err><![CDATA[Jun 21, 2024 5:24:35 PM co.graphene.util.Debugger println
INFO: BROWSER ENUM.........CHROME
SLF4J: Failed to load class "org.slf4j.impl.StaticLoggerBinder".
SLF4J: Defaulting to no-operation (NOP) logger implementation
SLF4J: See http://www.slf4j.org/codes.html#StaticLoggerBinder for further details.
Starting ChromeDriver 114.0.5735.90 (386bc09e8f4f2e025eddae123f36f6263096ae49-refs/branch-heads/5735@{#1052}) on port 33875
Only local connections are allowed.
Please see https://chromedriver.chromium.org/security-considerations for suggestions on keeping ChromeDriver safe.
ChromeDriver was started successfully.
]]></system-err>
  </testcase>
  <testcase name="Scenario: Verify the Negative themes for the selected combinations" classname="Scenario: Verify the Negative themes for the selected combinations" time="1.772">
    <error message="co.graphene.config.SeleniumDriver (initialization failure)" type="java.lang.NoClassDefFoundError">java.lang.NoClassDefFoundError: co.graphene.config.SeleniumDriver (initialization failure)
Caused by: org.openqa.selenium.SessionNotCreatedException: 
session not created: This version of ChromeDriver only supports Chrome version 114
Current browser version is 126.0.6478.62 with binary path C:\Program Files\Google\Chrome\Application\chrome.exe
Build info: version: '3.141.0', revision: '2ecb7d9a', time: '2018-10-31T20:09:30'
System info: host: 'DESKTOP-83KO0Q6', ip: '192.168.0.169', os.name: 'Windows 11', os.arch: 'amd64', os.version: '10.0', java.version: '11.0.20'
Driver info: driver.version: SeleniumDriver
remote stacktrace: Backtrace:
	GetHandleVerifier [0x008BA813+48355]
	(No symbol) [0x0084C4B1]
	(No symbol) [0x00755358]
	(No symbol) [0x007761AC]
	(No symbol) [0x00771EF3]
	(No symbol) [0x00770579]
	(No symbol) [0x007A0C55]
	(No symbol) [0x007A093C]
	(No symbol) [0x0079A536]
	(No symbol) [0x007782DC]
	(No symbol) [0x007793DD]
	GetHandleVerifier [0x00B1AABD+2539405]
	GetHandleVerifier [0x00B5A78F+2800735]
	GetHandleVerifier [0x00B5456C+2775612]
	GetHandleVerifier [0x009451E0+616112]
	(No symbol) [0x00855F8C]
	(No symbol) [0x00852328]
	(No symbol) [0x0085240B]
	(No symbol) [0x00844FF7]
	BaseThreadInitThunk [0x76537BA9+25]
	RtlInitializeExceptionChain [0x775BC10B+107]
	RtlClearBits [0x775BC08F+191]

</error>
  </testcase>
  <testcase name="Scenario: Verify the Negative themes for the selected combinations" classname="Scenario: Verify the Negative themes for the selected combinations" time="1.776">
    <error message="co.graphene.config.SeleniumDriver (initialization failure)" type="java.lang.NoClassDefFoundError">java.lang.NoClassDefFoundError: co.graphene.config.SeleniumDriver (initialization failure)
Caused by: org.openqa.selenium.SessionNotCreatedException: 
session not created: This version of ChromeDriver only supports Chrome version 114
Current browser version is 126.0.6478.62 with binary path C:\Program Files\Google\Chrome\Application\chrome.exe
Build info: version: '3.141.0', revision: '2ecb7d9a', time: '2018-10-31T20:09:30'
System info: host: 'DESKTOP-83KO0Q6', ip: '192.168.0.169', os.name: 'Windows 11', os.arch: 'amd64', os.version: '10.0', java.version: '11.0.20'
Driver info: driver.version: SeleniumDriver
remote stacktrace: Backtrace:
	GetHandleVerifier [0x008BA813+48355]
	(No symbol) [0x0084C4B1]
	(No symbol) [0x00755358]
	(No symbol) [0x007761AC]
	(No symbol) [0x00771EF3]
	(No symbol) [0x00770579]
	(No symbol) [0x007A0C55]
	(No symbol) [0x007A093C]
	(No symbol) [0x0079A536]
	(No symbol) [0x007782DC]
	(No symbol) [0x007793DD]
	GetHandleVerifier [0x00B1AABD+2539405]
	GetHandleVerifier [0x00B5A78F+2800735]
	GetHandleVerifier [0x00B5456C+2775612]
	GetHandleVerifier [0x009451E0+616112]
	(No symbol) [0x00855F8C]
	(No symbol) [0x00852328]
	(No symbol) [0x0085240B]
	(No symbol) [0x00844FF7]
	BaseThreadInitThunk [0x76537BA9+25]
	RtlInitializeExceptionChain [0x775BC10B+107]
	RtlClearBits [0x775BC08F+191]

</error>
  </testcase>
  <testcase name="Given the user is logged into the Application Under Test via Graphene Access Point" classname="Scenario: Verify the Negative themes for the selected combinations" time="0">
    <skipped/>
  </testcase>
  <testcase name="When the user navigates to Mavis HR Deep Dive Page" classname="Scenario: Verify the Negative themes for the selected combinations" time="0">
    <skipped/>
  </testcase>
  <testcase name="Then the Negative Themes for specific combinations loaded properly" classname="Scenario: Verify the Negative themes for the selected combinations" time="0">
    <skipped/>
  </testcase>
</testsuite>